<?xml version="1.0" encoding="UTF-8"?>
<!-- Generated by org.testng.reporters.JUnitReportReporter -->
<testsuite hostname="DESKTOP-5R6KPP8" failures="0" tests="2" name="com.matt.AppTest" time="0.048" errors="0" timestamp="2022-12-05T13:54:06 GST" skipped="0">
  <testcase classname="com.matt.AppTest" name="testlogin2" time="0.003"/>
  <system-out/>
  <testcase classname="com.matt.AppTest" name="testlogin1" time="0.045"/>
  <system-out/>
</testsuite> <!-- com.matt.AppTest -->
