<?xml version="1.0" encoding="UTF-8"?>
<!-- Generated by org.testng.reporters.JUnitReportReporter -->
<testsuite hostname="DESKTOP-5R6KPP8" failures="0" tests="1" name="com.matt.TC_Login" time="8.732" errors="0" timestamp="2022-12-05T14:06:37 GST" skipped="0">
  <testcase classname="com.matt.TC_Login" name="login_test" time="8.732"/>
  <system-out/>
</testsuite> <!-- com.matt.TC_Login -->
